mode: set
github.com/anon-org/tom/querybuilder/select_query.go:13.44,18.2 1 1
github.com/anon-org/tom/querybuilder/select_query.go:20.31,25.2 1 0
github.com/anon-org/tom/querybuilder/select_query.go:27.61,30.2 2 0
github.com/anon-org/tom/querybuilder/select_query.go:32.56,35.2 2 1
github.com/anon-org/tom/querybuilder/select_query.go:37.39,40.32 2 1
github.com/anon-org/tom/querybuilder/select_query.go:44.2,51.19 6 1
github.com/anon-org/tom/querybuilder/select_query.go:40.32,42.3 1 0
github.com/anon-org/tom/helper/helper.go:7.58,11.17 3 1
github.com/anon-org/tom/helper/helper.go:15.2,15.33 1 0
github.com/anon-org/tom/helper/helper.go:26.2,26.14 1 0
github.com/anon-org/tom/helper/helper.go:11.17,13.3 1 1
github.com/anon-org/tom/helper/helper.go:15.33,16.54 1 0
github.com/anon-org/tom/helper/helper.go:16.54,20.40 3 0
github.com/anon-org/tom/helper/helper.go:20.40,22.5 1 0
