mode: set
github.com/anon-org/tom/querybuilder/compare_type.go:21.39,22.12 1 1
github.com/anon-org/tom/querybuilder/compare_type.go:49.2,49.20 1 1
github.com/anon-org/tom/querybuilder/compare_type.go:23.13,24.15 1 1
github.com/anon-org/tom/querybuilder/compare_type.go:25.16,26.16 1 1
github.com/anon-org/tom/querybuilder/compare_type.go:27.19,28.15 1 1
github.com/anon-org/tom/querybuilder/compare_type.go:29.24,30.16 1 1
github.com/anon-org/tom/querybuilder/compare_type.go:31.16,32.15 1 1
github.com/anon-org/tom/querybuilder/compare_type.go:33.21,34.16 1 1
github.com/anon-org/tom/querybuilder/compare_type.go:35.10,36.16 1 1
github.com/anon-org/tom/querybuilder/compare_type.go:37.13,38.20 1 1
github.com/anon-org/tom/querybuilder/compare_type.go:39.12,40.18 1 1
github.com/anon-org/tom/querybuilder/compare_type.go:41.15,42.22 1 1
github.com/anon-org/tom/querybuilder/compare_type.go:43.10,44.16 1 1
github.com/anon-org/tom/querybuilder/compare_type.go:45.13,46.20 1 1
github.com/anon-org/tom/querybuilder/join_type.go:12.36,13.12 1 1
github.com/anon-org/tom/querybuilder/join_type.go:22.2,22.20 1 1
github.com/anon-org/tom/querybuilder/join_type.go:14.17,15.18 1 1
github.com/anon-org/tom/querybuilder/join_type.go:16.16,17.23 1 1
github.com/anon-org/tom/querybuilder/join_type.go:18.17,19.24 1 1
github.com/anon-org/tom/querybuilder/select_query.go:26.44,32.2 1 1
github.com/anon-org/tom/querybuilder/select_query.go:34.31,36.2 1 1
github.com/anon-org/tom/querybuilder/select_query.go:38.39,40.2 1 1
github.com/anon-org/tom/querybuilder/select_query.go:42.42,44.2 1 1
github.com/anon-org/tom/querybuilder/select_query.go:46.37,48.2 1 1
github.com/anon-org/tom/querybuilder/select_query.go:50.37,52.2 1 1
github.com/anon-org/tom/querybuilder/select_query.go:54.37,56.2 1 1
github.com/anon-org/tom/querybuilder/select_query.go:58.37,60.2 1 1
github.com/anon-org/tom/querybuilder/select_query.go:62.61,65.2 2 1
github.com/anon-org/tom/querybuilder/select_query.go:67.57,69.2 1 1
github.com/anon-org/tom/querybuilder/select_query.go:71.60,73.2 1 1
github.com/anon-org/tom/querybuilder/select_query.go:75.55,77.2 1 1
github.com/anon-org/tom/querybuilder/select_query.go:79.55,81.2 1 1
github.com/anon-org/tom/querybuilder/select_query.go:83.55,85.2 1 1
github.com/anon-org/tom/querybuilder/select_query.go:87.55,89.2 1 1
github.com/anon-org/tom/querybuilder/select_query.go:91.56,94.2 2 1
github.com/anon-org/tom/querybuilder/select_query.go:96.87,107.2 3 0
github.com/anon-org/tom/querybuilder/select_query.go:109.61,111.2 1 0
github.com/anon-org/tom/querybuilder/select_query.go:113.70,115.2 1 0
github.com/anon-org/tom/querybuilder/select_query.go:117.74,119.2 1 0
github.com/anon-org/tom/querybuilder/select_query.go:121.75,123.2 1 0
github.com/anon-org/tom/querybuilder/select_query.go:125.102,128.26 2 0
github.com/anon-org/tom/querybuilder/select_query.go:132.2,138.11 5 0
github.com/anon-org/tom/querybuilder/select_query.go:128.26,130.3 1 0
github.com/anon-org/tom/querybuilder/select_query.go:141.48,144.20 2 1
github.com/anon-org/tom/querybuilder/select_query.go:148.2,153.24 5 1
github.com/anon-org/tom/querybuilder/select_query.go:144.20,146.3 1 1
github.com/anon-org/tom/querybuilder/select_query.go:156.48,157.55 1 1
github.com/anon-org/tom/querybuilder/select_query.go:161.2,161.50 1 1
github.com/anon-org/tom/querybuilder/select_query.go:157.55,159.3 1 1
github.com/anon-org/tom/querybuilder/select_query.go:164.47,167.29 2 1
github.com/anon-org/tom/querybuilder/select_query.go:171.2,171.42 1 0
github.com/anon-org/tom/querybuilder/select_query.go:180.2,180.19 1 0
github.com/anon-org/tom/querybuilder/select_query.go:167.29,169.3 1 1
github.com/anon-org/tom/querybuilder/select_query.go:171.42,178.3 6 0
github.com/anon-org/tom/helper/helper.go:7.58,11.17 3 1
github.com/anon-org/tom/helper/helper.go:15.2,15.33 1 1
github.com/anon-org/tom/helper/helper.go:26.2,26.14 1 1
github.com/anon-org/tom/helper/helper.go:11.17,13.3 1 1
github.com/anon-org/tom/helper/helper.go:15.33,16.54 1 1
github.com/anon-org/tom/helper/helper.go:16.54,20.40 3 1
github.com/anon-org/tom/helper/helper.go:20.40,22.5 1 1
